{
  "RSpec": {
    "coverage": {
      "/app/config/configuration.rb": {
        "lines": [
          1,
          1,
          null,
          1,
          1,
          0,
          0,
          0,
          0,
          0,
          null,
          null,
          null,
          null,
          0,
          null,
          null,
          1,
          1,
          1,
          null,
          0,
          null,
          1,
          null,
          1,
          1,
          null,
          null
        ]
      },
      "/app/dominio/usuario.rb": {
        "lines": [
          1,
          1,
          1,
          null,
          1,
          3,
          3,
          null,
          null
        ]
      },
      "/app/persistencia/repositorio_usuarios.rb": {
        "lines": [
          1,
          null,
          1,
          1,
          1,
          null,
          1,
          null,
          1,
          1,
          null,
          null,
          1,
          null,
          2,
          null,
          null,
          null
        ]
      },
      "/app/persistencia/abstract_repository.rb": {
        "lines": [
          1,
          1,
          null,
          1,
          1,
          2,
          0,
          null,
          2,
          null,
          2,
          null,
          null,
          1,
          0,
          null,
          1,
          null,
          1,
          3,
          null,
          null,
          1,
          2,
          null,
          null,
          1,
          0,
          0,
          null,
          0,
          null,
          null,
          1,
          0,
          0,
          null,
          null,
          1,
          1,
          null,
          null,
          1,
          null,
          1,
          9,
          null,
          null,
          1,
          3,
          null,
          null,
          1,
          0,
          null,
          null,
          1,
          2,
          2,
          2,
          null,
          null,
          1,
          2,
          null,
          null,
          1,
          0,
          null,
          null,
          1,
          0,
          null,
          null,
          1,
          2,
          null,
          null,
          1,
          0,
          null,
          null,
          1,
          2,
          null,
          null,
          1,
          0,
          null,
          null,
          1,
          2,
          null,
          null
        ]
      },
      "/app/lib/version.rb": {
        "lines": [
          1,
          1,
          1,
          null,
          null
        ]
      }
    },
    "timestamp": 1685279036
  }
}
